
  .   ____          _            __ _ _
 /\\ / ___'_ __ _ _(_)_ __  __ _ \ \ \ \
( ( )\___ | '_ | '_| | '_ \/ _` | \ \ \ \
 \\/  ___)| |_)| | | | | || (_| |  ) ) ) )
  '  |____| .__|_| |_|_| |_\__, | / / / /
 =========|_|==============|___/=/_/_/_/
 :: Spring Boot ::                (v3.2.0)

2026-04-22T15:37:57.558+08:00  INFO 1476 --- [floor-design] [           main] com.building.FloorDesignApplication      : Starting FloorDesignApplication v1.0.0 using Java 17.0.16 with PID 1476 (D:\Desktop\堁蟈杅秷\瞼脯扢數摯呾楊妗珋\backend\target\floor-design-1.0.0.jar started by 19534 in D:\Desktop\堁蟈杅秷\瞼脯扢數摯呾楊妗珋)
2026-04-22T15:37:57.563+08:00 DEBUG 1476 --- [floor-design] [           main] com.building.FloorDesignApplication      : Running with Spring Boot v3.2.0, Spring v6.1.1
2026-04-22T15:37:57.565+08:00  INFO 1476 --- [floor-design] [           main] com.building.FloorDesignApplication      : No active profile set, falling back to 1 default profile: "default"
2026-04-22T15:37:58.462+08:00  INFO 1476 --- [floor-design] [           main] .s.d.r.c.RepositoryConfigurationDelegate : Multiple Spring Data modules found, entering strict repository configuration mode
2026-04-22T15:37:58.466+08:00  INFO 1476 --- [floor-design] [           main] .s.d.r.c.RepositoryConfigurationDelegate : Bootstrapping Spring Data Redis repositories in DEFAULT mode.
2026-04-22T15:37:58.492+08:00  INFO 1476 --- [floor-design] [           main] .s.d.r.c.RepositoryConfigurationDelegate : Finished Spring Data repository scanning in 8 ms. Found 0 Redis repository interfaces.
2026-04-22T15:37:59.056+08:00  INFO 1476 --- [floor-design] [           main] o.s.b.w.embedded.tomcat.TomcatWebServer  : Tomcat initialized with port 8084 (http)
2026-04-22T15:37:59.065+08:00  INFO 1476 --- [floor-design] [           main] o.apache.catalina.core.StandardService   : Starting service [Tomcat]
2026-04-22T15:37:59.066+08:00  INFO 1476 --- [floor-design] [           main] o.apache.catalina.core.StandardEngine    : Starting Servlet engine: [Apache Tomcat/10.1.16]
2026-04-22T15:37:59.106+08:00  INFO 1476 --- [floor-design] [           main] o.a.c.c.C.[Tomcat].[localhost].[/]       : Initializing Spring embedded WebApplicationContext
2026-04-22T15:37:59.107+08:00  INFO 1476 --- [floor-design] [           main] w.s.c.ServletWebServerApplicationContext : Root WebApplicationContext: initialization completed in 1472 ms
2026-04-22T15:38:01.377+08:00  INFO 1476 --- [floor-design] [           main] o.s.b.w.embedded.tomcat.TomcatWebServer  : Tomcat started on port 8084 (http) with context path ''
2026-04-22T15:38:01.401+08:00  INFO 1476 --- [floor-design] [           main] com.building.FloorDesignApplication      : Started FloorDesignApplication in 4.228 seconds (process running for 4.847)
2026-04-22T15:38:08.500+08:00  INFO 1476 --- [floor-design] [0.0-8084-exec-1] o.a.c.c.C.[Tomcat].[localhost].[/]       : Initializing Spring DispatcherServlet 'dispatcherServlet'
2026-04-22T15:38:08.500+08:00  INFO 1476 --- [floor-design] [0.0-8084-exec-1] o.s.web.servlet.DispatcherServlet        : Initializing Servlet 'dispatcherServlet'
2026-04-22T15:38:08.501+08:00  INFO 1476 --- [floor-design] [0.0-8084-exec-1] o.s.web.servlet.DispatcherServlet        : Completed initialization in 1 ms
2026-04-22T15:38:08.603+08:00  INFO 1476 --- [floor-design] [0.0-8084-exec-1] com.zaxxer.hikari.HikariDataSource       : HikariPool-1 - Starting...
2026-04-22T15:38:08.955+08:00  INFO 1476 --- [floor-design] [0.0-8084-exec-1] com.zaxxer.hikari.pool.HikariPool        : HikariPool-1 - Added connection com.mysql.cj.jdbc.ConnectionImpl@77f13b9d
2026-04-22T15:38:08.957+08:00  INFO 1476 --- [floor-design] [0.0-8084-exec-1] com.zaxxer.hikari.HikariDataSource       : HikariPool-1 - Start completed.
