
  .   ____          _            __ _ _
 /\\ / ___'_ __ _ _(_)_ __  __ _ \ \ \ \
( ( )\___ | '_ | '_| | '_ \/ _` | \ \ \ \
 \\/  ___)| |_)| | | | | || (_| |  ) ) ) )
  '  |____| .__|_| |_|_| |_\__, | / / / /
 =========|_|==============|___/=/_/_/_/
 :: Spring Boot ::                (v3.2.0)

2026-04-22T17:12:34.719+08:00  INFO 39456 --- [floor-design] [           main] com.building.FloorDesignApplication      : Starting FloorDesignApplication v1.0.0 using Java 17.0.16 with PID 39456 (D:\Desktop\ÔĆÁ´ĘýÖÇ\ÂĄ˛ăÉčĽĆĽ°Ëă·¨ĘµĎÖ\backend\target\floor-design-1.0.0.jar started by 19534 in D:\Desktop\ÔĆÁ´ĘýÖÇ\ÂĄ˛ăÉčĽĆĽ°Ëă·¨ĘµĎÖ)
2026-04-22T17:12:34.726+08:00 DEBUG 39456 --- [floor-design] [           main] com.building.FloorDesignApplication      : Running with Spring Boot v3.2.0, Spring v6.1.1
2026-04-22T17:12:34.727+08:00  INFO 39456 --- [floor-design] [           main] com.building.FloorDesignApplication      : No active profile set, falling back to 1 default profile: "default"
2026-04-22T17:12:35.661+08:00  INFO 39456 --- [floor-design] [           main] .s.d.r.c.RepositoryConfigurationDelegate : Multiple Spring Data modules found, entering strict repository configuration mode
2026-04-22T17:12:35.669+08:00  INFO 39456 --- [floor-design] [           main] .s.d.r.c.RepositoryConfigurationDelegate : Bootstrapping Spring Data Redis repositories in DEFAULT mode.
2026-04-22T17:12:35.689+08:00  INFO 39456 --- [floor-design] [           main] .s.d.r.c.RepositoryConfigurationDelegate : Finished Spring Data repository scanning in 8 ms. Found 0 Redis repository interfaces.
2026-04-22T17:12:36.372+08:00  INFO 39456 --- [floor-design] [           main] o.s.b.w.embedded.tomcat.TomcatWebServer  : Tomcat initialized with port 8084 (http)
2026-04-22T17:12:36.378+08:00  INFO 39456 --- [floor-design] [           main] o.apache.catalina.core.StandardService   : Starting service [Tomcat]
2026-04-22T17:12:36.378+08:00  INFO 39456 --- [floor-design] [           main] o.apache.catalina.core.StandardEngine    : Starting Servlet engine: [Apache Tomcat/10.1.16]
2026-04-22T17:12:36.411+08:00  INFO 39456 --- [floor-design] [           main] o.a.c.c.C.[Tomcat].[localhost].[/]       : Initializing Spring embedded WebApplicationContext
2026-04-22T17:12:36.412+08:00  INFO 39456 --- [floor-design] [           main] w.s.c.ServletWebServerApplicationContext : Root WebApplicationContext: initialization completed in 1614 ms
2026-04-22T17:12:38.972+08:00  INFO 39456 --- [floor-design] [           main] o.s.b.w.embedded.tomcat.TomcatWebServer  : Tomcat started on port 8084 (http) with context path ''
2026-04-22T17:12:39.002+08:00  INFO 39456 --- [floor-design] [           main] com.building.FloorDesignApplication      : Started FloorDesignApplication in 4.626 seconds (process running for 5.21)
2026-04-22T17:13:12.015+08:00  INFO 39456 --- [floor-design] [0.0-8084-exec-1] o.a.c.c.C.[Tomcat].[localhost].[/]       : Initializing Spring DispatcherServlet 'dispatcherServlet'
2026-04-22T17:13:12.015+08:00  INFO 39456 --- [floor-design] [0.0-8084-exec-1] o.s.web.servlet.DispatcherServlet        : Initializing Servlet 'dispatcherServlet'
2026-04-22T17:13:12.016+08:00  INFO 39456 --- [floor-design] [0.0-8084-exec-1] o.s.web.servlet.DispatcherServlet        : Completed initialization in 0 ms
2026-04-22T17:13:12.043+08:00  INFO 39456 --- [floor-design] [0.0-8084-exec-1] com.zaxxer.hikari.HikariDataSource       : HikariPool-1 - Starting...
2026-04-22T17:13:12.373+08:00  INFO 39456 --- [floor-design] [0.0-8084-exec-1] com.zaxxer.hikari.pool.HikariPool        : HikariPool-1 - Added connection com.mysql.cj.jdbc.ConnectionImpl@7fa06a64
2026-04-22T17:13:12.374+08:00  INFO 39456 --- [floor-design] [0.0-8084-exec-1] com.zaxxer.hikari.HikariDataSource       : HikariPool-1 - Start completed.
