2026-04-24 13:38:39,378 - __main__ - INFO - ================================================================================
2026-04-24 13:38:39,380 - __main__ - INFO - 初始化路径规划服务器...
2026-04-24 13:38:39,382 - __main__ - INFO - ================================================================================
2026-04-24 13:38:39,384 - __main__ - INFO - 步骤1: 加载数据文件...
2026-04-24 13:38:39,386 - data_loader - INFO - 成功加载 8 个地图
2026-04-24 13:38:39,388 - data_loader - INFO - 成功加载 65 个门节点
2026-04-24 13:38:39,390 - data_loader - INFO - 成功加载 26 个楼梯
2026-04-24 13:38:39,391 - data_loader - INFO - 成功加载 79 条边
2026-04-24 13:38:39,391 - data_loader - INFO - 成功加载 35 个 RFID 设备
2026-04-24 13:38:39,391 - __main__ - INFO - ✓ 数据加载完成：8个地图，65个门，26个楼梯，79条边，35个RFID设备
2026-04-24 13:38:39,392 - __main__ - INFO - 步骤2: 构建多层图...
2026-04-24 13:38:39,392 - graph_builder - INFO - 开始构建多层图...
2026-04-24 13:38:39,392 - graph_builder - INFO - 添加了 65 个门节点
2026-04-24 13:38:39,392 - graph_builder - INFO - 添加了 61 个楼梯节点（包括虚拟节点）
2026-04-24 13:38:39,393 - graph_builder - INFO - 添加了 79 条同层边
2026-04-24 13:38:39,393 - graph_builder - INFO - 添加了 35 条楼梯内部跨层边（权重=10.0米）
2026-04-24 13:38:39,393 - graph_builder - INFO - 添加了 29 条楼梯之间连接边（权重=10.0米）
2026-04-24 13:38:39,393 - graph_builder - INFO - 图构建完成：126 个节点，143 条边
2026-04-24 13:38:39,394 - __main__ - INFO - ✓ 图构建完成：126个节点，143条边
2026-04-24 13:38:39,394 - __main__ - INFO - 步骤3: 初始化路径规划服务...
2026-04-24 13:38:39,394 - __main__ - INFO - ✓ 服务初始化完成
2026-04-24 13:38:39,394 - __main__ - INFO - ================================================================================
2026-04-24 13:38:39,394 - __main__ - INFO - 路径规划服务器启动成功！
2026-04-24 13:38:39,394 - __main__ - INFO - ================================================================================
2026-04-24 13:38:39,394 - __main__ - INFO - 
启动HTTP服务器...
2026-04-24 13:38:39,394 - __main__ - INFO - 监听地址: http://0.0.0.0:5000
2026-04-24 13:38:39,395 - __main__ - INFO - API文档:
2026-04-24 13:38:39,395 - __main__ - INFO -   - GET  /health                    健康检查
2026-04-24 13:38:39,395 - __main__ - INFO -   - POST /api/plan_path             路径规划
2026-04-24 13:38:39,395 - __main__ - INFO -   - POST /api/plan_path_from_rfid   从RFID规划路径
2026-04-24 13:38:39,395 - __main__ - INFO -   - POST /api/reload                重新加载数据
2026-04-24 13:38:39,395 - __main__ - INFO -   - GET  /api/stats                 获取统计信息
2026-04-24 13:38:39,395 - __main__ - INFO - ================================================================================
2026-04-24 13:38:40,249 - werkzeug - INFO - [31m[1mWARNING: This is a development server. Do not use it in a production deployment. Use a production WSGI server instead.[0m
 * Running on all addresses (0.0.0.0)
 * Running on http://127.0.0.1:5000
 * Running on http://172.18.142.67:5000
2026-04-24 13:38:40,255 - werkzeug - INFO - [33mPress CTRL+C to quit[0m
